<?xml version="1.0" encoding="UTF-8"?>
<!-- Generated by org.testng.reporters.JUnitReportReporter -->
<testsuite hostname="LAPTOP-Q4M4KU15" failures="0" tests="2" name="com.datadriven.test.login.LoginTest" time="26.988" errors="0" timestamp="2021-05-31T12:22:57 IST" skipped="0">
  <testcase classname="com.datadriven.test.login.LoginTest" name="testOne" time="10.884"/>
  <system-out/>
  <testcase classname="com.datadriven.test.login.LoginTest" name="testTwo" time="16.104"/>
  <system-out/>
</testsuite> <!-- com.datadriven.test.login.LoginTest -->
